# JRE version: Java(TM) SE Runtime Environment (8.0_40-b25) (build 1.8.0_40-b25)
# Java VM: Java HotSpot(TM) 64-Bit Server VM (25.40-b25 mixed mode windows-amd64 compressed oops)
Heap:
 PSYoungGen      total 72192K, used 43853K [0x00000000eb100000, 0x00000000f3e00000, 0x0000000100000000)
  eden space 64512K, 67% used [0x00000000eb100000,0x00000000edbd36d0,0x00000000ef000000)
  from space 7680K, 0% used [0x00000000ef000000,0x00000000ef000000,0x00000000ef780000)
  to   space 7680K, 0% used [0x00000000f3680000,0x00000000f3680000,0x00000000f3e00000)
 ParOldGen       total 34816K, used 9291K [0x00000000c1200000, 0x00000000c3400000, 0x00000000eb100000)
  object space 34816K, 26% used [0x00000000c1200000,0x00000000c1b12f60,0x00000000c3400000)
 Metaspace       used 24489K, capacity 25282K, committed 25472K, reserved 1071104K
  class space    used 3149K, capacity 3353K, committed 3456K, reserved 1048576K
GC Heap History (10 events):
Event: 1.847 GC heap before
{Heap before GC invocations=4 (full 0):
 PSYoungGen      total 18944K, used 18913K [0x00000000eb100000, 0x00000000ed600000, 0x0000000100000000)
  eden space 16384K, 100% used [0x00000000eb100000,0x00000000ec100000,0x00000000ec100000)
  from space 2560K, 98% used [0x00000000ec100000,0x00000000ec378770,0x00000000ec380000)
  to   space 2560K, 0% used [0x00000000ed380000,0x00000000ed380000,0x00000000ed600000)
 ParOldGen       total 44032K, used 4609K [0x00000000c1200000, 0x00000000c3d00000, 0x00000000eb100000)
  object space 44032K, 10% used [0x00000000c1200000,0x00000000c1680538,0x00000000c3d00000)
 Metaspace       used 10634K, capacity 10896K, committed 11136K, reserved 1058816K
  class space    used 1219K, capacity 1285K, committed 1408K, reserved 1048576K
Event: 1.854 GC heap after
Heap after GC invocations=4 (full 0):
 PSYoungGen      total 35328K, used 2529K [0x00000000eb100000, 0x00000000ed600000, 0x0000000100000000)
  eden space 32768K, 0% used [0x00000000eb100000,0x00000000eb100000,0x00000000ed100000)
  from space 2560K, 98% used [0x00000000ed380000,0x00000000ed5f8790,0x00000000ed600000)
  to   space 2560K, 0% used [0x00000000ed100000,0x00000000ed100000,0x00000000ed380000)
 ParOldGen       total 44032K, used 6328K [0x00000000c1200000, 0x00000000c3d00000, 0x00000000eb100000)
  object space 44032K, 14% used [0x00000000c1200000,0x00000000c182e030,0x00000000c3d00000)
 Metaspace       used 10634K, capacity 10896K, committed 11136K, reserved 1058816K
  class space    used 1219K, capacity 1285K, committed 1408K, reserved 1048576K
}
Event: 2.576 GC heap before
{Heap before GC invocations=5 (full 0):
 PSYoungGen      total 35328K, used 35297K [0x00000000eb100000, 0x00000000ed600000, 0x0000000100000000)
  eden space 32768K, 100% used [0x00000000eb100000,0x00000000ed100000,0x00000000ed100000)
  from space 2560K, 98% used [0x00000000ed380000,0x00000000ed5f8790,0x00000000ed600000)
  to   space 2560K, 0% used [0x00000000ed100000,0x00000000ed100000,0x00000000ed380000)
 ParOldGen       total 44032K, used 6328K [0x00000000c1200000, 0x00000000c3d00000, 0x00000000eb100000)
  object space 44032K, 14% used [0x00000000c1200000,0x00000000c182e030,0x00000000c3d00000)
 Metaspace       used 13582K, capacity 13924K, committed 14208K, reserved 1060864K
  class space    used 1725K, capacity 1830K, committed 1920K, reserved 1048576K
Event: 2.588 GC heap after
Heap after GC invocations=5 (full 0):
 PSYoungGen      total 35328K, used 2545K [0x00000000eb100000, 0x00000000efe00000, 0x0000000100000000)
  eden space 32768K, 0% used [0x00000000eb100000,0x00000000eb100000,0x00000000ed100000)
  from space 2560K, 99% used [0x00000000ed100000,0x00000000ed37c780,0x00000000ed380000)
  to   space 6656K, 0% used [0x00000000ef780000,0x00000000ef780000,0x00000000efe00000)
 ParOldGen       total 44032K, used 9401K [0x00000000c1200000, 0x00000000c3d00000, 0x00000000eb100000)
  object space 44032K, 21% used [0x00000000c1200000,0x00000000c1b2e778,0x00000000c3d00000)
 Metaspace       used 13582K, capacity 13924K, committed 14208K, reserved 1060864K
  class space    used 1725K, capacity 1830K, committed 1920K, reserved 1048576K
}
Event: 3.028 GC heap before
{Heap before GC invocations=6 (full 0):
 PSYoungGen      total 35328K, used 35313K [0x00000000eb100000, 0x00000000efe00000, 0x0000000100000000)
  eden space 32768K, 100% used [0x00000000eb100000,0x00000000ed100000,0x00000000ed100000)
  from space 2560K, 99% used [0x00000000ed100000,0x00000000ed37c780,0x00000000ed380000)
  to   space 6656K, 0% used [0x00000000ef780000,0x00000000ef780000,0x00000000efe00000)
 ParOldGen       total 44032K, used 9401K [0x00000000c1200000, 0x00000000c3d00000, 0x00000000eb100000)
  object space 44032K, 21% used [0x00000000c1200000,0x00000000c1b2e778,0x00000000c3d00000)
 Metaspace       used 18058K, capacity 18534K, committed 18816K, reserved 1064960K
  class space    used 2289K, capacity 2421K, committed 2432K, reserved 1048576K
Event: 3.043 GC heap after
Heap after GC invocations=6 (full 0):
 PSYoungGen      total 71168K, used 6639K [0x00000000eb100000, 0x00000000f0000000, 0x0000000100000000)
  eden space 64512K, 0% used [0x00000000eb100000,0x00000000eb100000,0x00000000ef000000)
  from space 6656K, 99% used [0x00000000ef780000,0x00000000efdfbf50,0x00000000efe00000)
  to   space 7680K, 0% used [0x00000000ef000000,0x00000000ef000000,0x00000000ef780000)
 ParOldGen       total 44032K, used 10061K [0x00000000c1200000, 0x00000000c3d00000, 0x00000000eb100000)
  object space 44032K, 22% used [0x00000000c1200000,0x00000000c1bd36b0,0x00000000c3d00000)
 Metaspace       used 18058K, capacity 18534K, committed 18816K, reserved 1064960K
  class space    used 2289K, capacity 2421K, committed 2432K, reserved 1048576K
}
Event: 3.308 GC heap before
{Heap before GC invocations=7 (full 0):
 PSYoungGen      total 71168K, used 23484K [0x00000000eb100000, 0x00000000f0000000, 0x0000000100000000)
  eden space 64512K, 26% used [0x00000000eb100000,0x00000000ec1733a8,0x00000000ef000000)
  from space 6656K, 99% used [0x00000000ef780000,0x00000000efdfbf50,0x00000000efe00000)
  to   space 7680K, 0% used [0x00000000ef000000,0x00000000ef000000,0x00000000ef780000)
 ParOldGen       total 44032K, used 10061K [0x00000000c1200000, 0x00000000c3d00000, 0x00000000eb100000)
  object space 44032K, 22% used [0x00000000c1200000,0x00000000c1bd36b0,0x00000000c3d00000)
 Metaspace       used 20688K, capacity 21172K, committed 21248K, reserved 1067008K
  class space    used 2662K, capacity 2814K, committed 2816K, reserved 1048576K
Event: 3.322 GC heap after
Heap after GC invocations=7 (full 0):
 PSYoungGen      total 72192K, used 4242K [0x00000000eb100000, 0x00000000f3e00000, 0x0000000100000000)
  eden space 64512K, 0% used [0x00000000eb100000,0x00000000eb100000,0x00000000ef000000)
  from space 7680K, 55% used [0x00000000ef000000,0x00000000ef424b28,0x00000000ef780000)
  to   space 7680K, 0% used [0x00000000f3680000,0x00000000f3680000,0x00000000f3e00000)
 ParOldGen       total 44032K, used 11189K [0x00000000c1200000, 0x00000000c3d00000, 0x00000000eb100000)
  object space 44032K, 25% used [0x00000000c1200000,0x00000000c1ced668,0x00000000c3d00000)
 Metaspace       used 20688K, capacity 21172K, committed 21248K, reserved 1067008K
  class space    used 2662K, capacity 2814K, committed 2816K, reserved 1048576K
}
Event: 3.322 GC heap before
{Heap before GC invocations=8 (full 1):
 PSYoungGen      total 72192K, used 4242K [0x00000000eb100000, 0x00000000f3e00000, 0x0000000100000000)
  eden space 64512K, 0% used [0x00000000eb100000,0x00000000eb100000,0x00000000ef000000)
  from space 7680K, 55% used [0x00000000ef000000,0x00000000ef424b28,0x00000000ef780000)
  to   space 7680K, 0% used [0x00000000f3680000,0x00000000f3680000,0x00000000f3e00000)
 ParOldGen       total 44032K, used 11189K [0x00000000c1200000, 0x00000000c3d00000, 0x00000000eb100000)
  object space 44032K, 25% used [0x00000000c1200000,0x00000000c1ced668,0x00000000c3d00000)
 Metaspace       used 20688K, capacity 21172K, committed 21248K, reserved 1067008K
  class space    used 2662K, capacity 2814K, committed 2816K, reserved 1048576K
Event: 3.379 GC heap after
Heap after GC invocations=8 (full 1):
 PSYoungGen      total 72192K, used 0K [0x00000000eb100000, 0x00000000f3e00000, 0x0000000100000000)
  eden space 64512K, 0% used [0x00000000eb100000,0x00000000eb100000,0x00000000ef000000)
  from space 7680K, 0% used [0x00000000ef000000,0x00000000ef000000,0x00000000ef780000)
  to   space 7680K, 0% used [0x00000000f3680000,0x00000000f3680000,0x00000000f3e00000)
 ParOldGen       total 34816K, used 9291K [0x00000000c1200000, 0x00000000c3400000, 0x00000000eb100000)
  object space 34816K, 26% used [0x00000000c1200000,0x00000000c1b12f60,0x00000000c3400000)
 Metaspace       used 20686K, capacity 21166K, committed 21248K, reserved 1067008K
  class space    used 2662K, capacity 2813K, committed 2816K, reserved 1048576K
}

