# JRE version: Java(TM) SE Runtime Environment (8.0_40-b25) (build 1.8.0_40-b25)
# Java VM: Java HotSpot(TM) 64-Bit Server VM (25.40-b25 mixed mode windows-amd64 compressed oops)
Heap:
 PSYoungGen      total 71680K, used 46685K [0x00000000eb100000, 0x00000000f0000000, 0x0000000100000000)
  eden space 64000K, 72% used [0x00000000eb100000,0x00000000ede97718,0x00000000eef80000)
  from space 7680K, 0% used [0x00000000eef80000,0x00000000eef80000,0x00000000ef700000)
  to   space 6144K, 0% used [0x00000000ef700000,0x00000000ef700000,0x00000000efd00000)
 ParOldGen       total 32256K, used 8392K [0x00000000c1200000, 0x00000000c3180000, 0x00000000eb100000)
  object space 32256K, 26% used [0x00000000c1200000,0x00000000c1a32370,0x00000000c3180000)
 Metaspace       used 24541K, capacity 25334K, committed 25472K, reserved 1071104K
  class space    used 3151K, capacity 3353K, committed 3456K, reserved 1048576K
GC Heap History (10 events):
Event: 3.293 GC heap before
{Heap before GC invocations=4 (full 0):
 PSYoungGen      total 18944K, used 18936K [0x00000000eb100000, 0x00000000ed600000, 0x0000000100000000)
  eden space 16384K, 100% used [0x00000000eb100000,0x00000000ec100000,0x00000000ec100000)
  from space 2560K, 99% used [0x00000000ec100000,0x00000000ec37e160,0x00000000ec380000)
  to   space 2560K, 0% used [0x00000000ed380000,0x00000000ed380000,0x00000000ed600000)
 ParOldGen       total 44032K, used 4561K [0x00000000c1200000, 0x00000000c3d00000, 0x00000000eb100000)
  object space 44032K, 10% used [0x00000000c1200000,0x00000000c16746a0,0x00000000c3d00000)
 Metaspace       used 10640K, capacity 10898K, committed 11136K, reserved 1058816K
  class space    used 1222K, capacity 1286K, committed 1408K, reserved 1048576K
Event: 3.308 GC heap after
Heap after GC invocations=4 (full 0):
 PSYoungGen      total 35328K, used 2545K [0x00000000eb100000, 0x00000000ed600000, 0x0000000100000000)
  eden space 32768K, 0% used [0x00000000eb100000,0x00000000eb100000,0x00000000ed100000)
  from space 2560K, 99% used [0x00000000ed380000,0x00000000ed5fc780,0x00000000ed600000)
  to   space 2560K, 0% used [0x00000000ed100000,0x00000000ed100000,0x00000000ed380000)
 ParOldGen       total 44032K, used 6368K [0x00000000c1200000, 0x00000000c3d00000, 0x00000000eb100000)
  object space 44032K, 14% used [0x00000000c1200000,0x00000000c1838070,0x00000000c3d00000)
 Metaspace       used 10640K, capacity 10898K, committed 11136K, reserved 1058816K
  class space    used 1222K, capacity 1286K, committed 1408K, reserved 1048576K
}
Event: 3.963 GC heap before
{Heap before GC invocations=5 (full 0):
 PSYoungGen      total 35328K, used 35313K [0x00000000eb100000, 0x00000000ed600000, 0x0000000100000000)
  eden space 32768K, 100% used [0x00000000eb100000,0x00000000ed100000,0x00000000ed100000)
  from space 2560K, 99% used [0x00000000ed380000,0x00000000ed5fc780,0x00000000ed600000)
  to   space 2560K, 0% used [0x00000000ed100000,0x00000000ed100000,0x00000000ed380000)
 ParOldGen       total 44032K, used 6368K [0x00000000c1200000, 0x00000000c3d00000, 0x00000000eb100000)
  object space 44032K, 14% used [0x00000000c1200000,0x00000000c1838070,0x00000000c3d00000)
 Metaspace       used 13595K, capacity 13924K, committed 14208K, reserved 1060864K
  class space    used 1720K, capacity 1830K, committed 1920K, reserved 1048576K
Event: 3.973 GC heap after
Heap after GC invocations=5 (full 0):
 PSYoungGen      total 35328K, used 2545K [0x00000000eb100000, 0x00000000efd00000, 0x0000000100000000)
  eden space 32768K, 0% used [0x00000000eb100000,0x00000000eb100000,0x00000000ed100000)
  from space 2560K, 99% used [0x00000000ed100000,0x00000000ed37c780,0x00000000ed380000)
  to   space 6144K, 0% used [0x00000000ef700000,0x00000000ef700000,0x00000000efd00000)
 ParOldGen       total 44032K, used 9374K [0x00000000c1200000, 0x00000000c3d00000, 0x00000000eb100000)
  object space 44032K, 21% used [0x00000000c1200000,0x00000000c1b27ad8,0x00000000c3d00000)
 Metaspace       used 13595K, capacity 13924K, committed 14208K, reserved 1060864K
  class space    used 1720K, capacity 1830K, committed 1920K, reserved 1048576K
}
Event: 4.411 GC heap before
{Heap before GC invocations=6 (full 0):
 PSYoungGen      total 35328K, used 35313K [0x00000000eb100000, 0x00000000efd00000, 0x0000000100000000)
  eden space 32768K, 100% used [0x00000000eb100000,0x00000000ed100000,0x00000000ed100000)
  from space 2560K, 99% used [0x00000000ed100000,0x00000000ed37c780,0x00000000ed380000)
  to   space 6144K, 0% used [0x00000000ef700000,0x00000000ef700000,0x00000000efd00000)
 ParOldGen       total 44032K, used 9374K [0x00000000c1200000, 0x00000000c3d00000, 0x00000000eb100000)
  object space 44032K, 21% used [0x00000000c1200000,0x00000000c1b27ad8,0x00000000c3d00000)
 Metaspace       used 18113K, capacity 18598K, committed 18816K, reserved 1064960K
  class space    used 2288K, capacity 2421K, committed 2432K, reserved 1048576K
Event: 4.425 GC heap after
Heap after GC invocations=6 (full 0):
 PSYoungGen      total 70144K, used 6135K [0x00000000eb100000, 0x00000000f0000000, 0x0000000100000000)
  eden space 64000K, 0% used [0x00000000eb100000,0x00000000eb100000,0x00000000eef80000)
  from space 6144K, 99% used [0x00000000ef700000,0x00000000efcfdc08,0x00000000efd00000)
  to   space 7680K, 0% used [0x00000000eef80000,0x00000000eef80000,0x00000000ef700000)
 ParOldGen       total 44032K, used 10373K [0x00000000c1200000, 0x00000000c3d00000, 0x00000000eb100000)
  object space 44032K, 23% used [0x00000000c1200000,0x00000000c1c21608,0x00000000c3d00000)
 Metaspace       used 18113K, capacity 18598K, committed 18816K, reserved 1064960K
  class space    used 2288K, capacity 2421K, committed 2432K, reserved 1048576K
}
Event: 4.693 GC heap before
{Heap before GC invocations=7 (full 0):
 PSYoungGen      total 70144K, used 23407K [0x00000000eb100000, 0x00000000f0000000, 0x0000000100000000)
  eden space 64000K, 26% used [0x00000000eb100000,0x00000000ec1de378,0x00000000eef80000)
  from space 6144K, 99% used [0x00000000ef700000,0x00000000efcfdc08,0x00000000efd00000)
  to   space 7680K, 0% used [0x00000000eef80000,0x00000000eef80000,0x00000000ef700000)
 ParOldGen       total 44032K, used 10373K [0x00000000c1200000, 0x00000000c3d00000, 0x00000000eb100000)
  object space 44032K, 23% used [0x00000000c1200000,0x00000000c1c21608,0x00000000c3d00000)
 Metaspace       used 20631K, capacity 21168K, committed 21248K, reserved 1067008K
  class space    used 2651K, capacity 2812K, committed 2816K, reserved 1048576K
Event: 4.708 GC heap after
Heap after GC invocations=7 (full 0):
 PSYoungGen      total 71680K, used 4052K [0x00000000eb100000, 0x00000000f0000000, 0x0000000100000000)
  eden space 64000K, 0% used [0x00000000eb100000,0x00000000eb100000,0x00000000eef80000)
  from space 7680K, 52% used [0x00000000eef80000,0x00000000ef375008,0x00000000ef700000)
  to   space 6144K, 0% used [0x00000000ef700000,0x00000000ef700000,0x00000000efd00000)
 ParOldGen       total 44032K, used 11554K [0x00000000c1200000, 0x00000000c3d00000, 0x00000000eb100000)
  object space 44032K, 26% used [0x00000000c1200000,0x00000000c1d488b0,0x00000000c3d00000)
 Metaspace       used 20631K, capacity 21168K, committed 21248K, reserved 1067008K
  class space    used 2651K, capacity 2812K, committed 2816K, reserved 1048576K
}
Event: 4.708 GC heap before
{Heap before GC invocations=8 (full 1):
 PSYoungGen      total 71680K, used 4052K [0x00000000eb100000, 0x00000000f0000000, 0x0000000100000000)
  eden space 64000K, 0% used [0x00000000eb100000,0x00000000eb100000,0x00000000eef80000)
  from space 7680K, 52% used [0x00000000eef80000,0x00000000ef375008,0x00000000ef700000)
  to   space 6144K, 0% used [0x00000000ef700000,0x00000000ef700000,0x00000000efd00000)
 ParOldGen       total 44032K, used 11554K [0x00000000c1200000, 0x00000000c3d00000, 0x00000000eb100000)
  object space 44032K, 26% used [0x00000000c1200000,0x00000000c1d488b0,0x00000000c3d00000)
 Metaspace       used 20631K, capacity 21168K, committed 21248K, reserved 1067008K
  class space    used 2651K, capacity 2812K, committed 2816K, reserved 1048576K
Event: 4.761 GC heap after
Heap after GC invocations=8 (full 1):
 PSYoungGen      total 71680K, used 0K [0x00000000eb100000, 0x00000000f0000000, 0x0000000100000000)
  eden space 64000K, 0% used [0x00000000eb100000,0x00000000eb100000,0x00000000eef80000)
  from space 7680K, 0% used [0x00000000eef80000,0x00000000eef80000,0x00000000ef700000)
  to   space 6144K, 0% used [0x00000000ef700000,0x00000000ef700000,0x00000000efd00000)
 ParOldGen       total 32256K, used 8392K [0x00000000c1200000, 0x00000000c3180000, 0x00000000eb100000)
  object space 32256K, 26% used [0x00000000c1200000,0x00000000c1a32370,0x00000000c3180000)
 Metaspace       used 20629K, capacity 21162K, committed 21248K, reserved 1067008K
  class space    used 2650K, capacity 2811K, committed 2816K, reserved 1048576K
}

