# JRE version: Java(TM) SE Runtime Environment (8.0_40-b25) (build 1.8.0_40-b25)
# Java VM: Java HotSpot(TM) 64-Bit Server VM (25.40-b25 mixed mode windows-amd64 compressed oops)
Heap:
 PSYoungGen      total 71680K, used 42014K [0x00000000eb100000, 0x00000000f3d00000, 0x0000000100000000)
  eden space 64000K, 65% used [0x00000000eb100000,0x00000000eda07898,0x00000000eef80000)
  from space 7680K, 0% used [0x00000000eef80000,0x00000000eef80000,0x00000000ef700000)
  to   space 7680K, 0% used [0x00000000f3580000,0x00000000f3580000,0x00000000f3d00000)
 ParOldGen       total 35840K, used 9936K [0x00000000c1200000, 0x00000000c3500000, 0x00000000eb100000)
  object space 35840K, 27% used [0x00000000c1200000,0x00000000c1bb4348,0x00000000c3500000)
 Metaspace       used 24389K, capacity 25186K, committed 25392K, reserved 1071104K
  class space    used 3139K, capacity 3349K, committed 3376K, reserved 1048576K
GC Heap History (10 events):
Event: 1.721 GC heap before
{Heap before GC invocations=4 (full 0):
 PSYoungGen      total 18944K, used 18913K [0x00000000eb100000, 0x00000000ed600000, 0x0000000100000000)
  eden space 16384K, 100% used [0x00000000eb100000,0x00000000ec100000,0x00000000ec100000)
  from space 2560K, 98% used [0x00000000ec100000,0x00000000ec378770,0x00000000ec380000)
  to   space 2560K, 0% used [0x00000000ed380000,0x00000000ed380000,0x00000000ed600000)
 ParOldGen       total 44032K, used 4596K [0x00000000c1200000, 0x00000000c3d00000, 0x00000000eb100000)
  object space 44032K, 10% used [0x00000000c1200000,0x00000000c167d3f0,0x00000000c3d00000)
 Metaspace       used 10677K, capacity 10898K, committed 11136K, reserved 1058816K
  class space    used 1223K, capacity 1286K, committed 1408K, reserved 1048576K
Event: 1.732 GC heap after
Heap after GC invocations=4 (full 0):
 PSYoungGen      total 35328K, used 2529K [0x00000000eb100000, 0x00000000ed600000, 0x0000000100000000)
  eden space 32768K, 0% used [0x00000000eb100000,0x00000000eb100000,0x00000000ed100000)
  from space 2560K, 98% used [0x00000000ed380000,0x00000000ed5f8770,0x00000000ed600000)
  to   space 2560K, 0% used [0x00000000ed100000,0x00000000ed100000,0x00000000ed380000)
 ParOldGen       total 44032K, used 6384K [0x00000000c1200000, 0x00000000c3d00000, 0x00000000eb100000)
  object space 44032K, 14% used [0x00000000c1200000,0x00000000c183c3c8,0x00000000c3d00000)
 Metaspace       used 10677K, capacity 10898K, committed 11136K, reserved 1058816K
  class space    used 1223K, capacity 1286K, committed 1408K, reserved 1048576K
}
Event: 2.317 GC heap before
{Heap before GC invocations=5 (full 0):
 PSYoungGen      total 35328K, used 35297K [0x00000000eb100000, 0x00000000ed600000, 0x0000000100000000)
  eden space 32768K, 100% used [0x00000000eb100000,0x00000000ed100000,0x00000000ed100000)
  from space 2560K, 98% used [0x00000000ed380000,0x00000000ed5f8770,0x00000000ed600000)
  to   space 2560K, 0% used [0x00000000ed100000,0x00000000ed100000,0x00000000ed380000)
 ParOldGen       total 44032K, used 6384K [0x00000000c1200000, 0x00000000c3d00000, 0x00000000eb100000)
  object space 44032K, 14% used [0x00000000c1200000,0x00000000c183c3c8,0x00000000c3d00000)
 Metaspace       used 13617K, capacity 14052K, committed 14208K, reserved 1060864K
  class space    used 1727K, capacity 1830K, committed 1920K, reserved 1048576K
Event: 2.328 GC heap after
Heap after GC invocations=5 (full 0):
 PSYoungGen      total 35328K, used 2529K [0x00000000eb100000, 0x00000000efd00000, 0x0000000100000000)
  eden space 32768K, 0% used [0x00000000eb100000,0x00000000eb100000,0x00000000ed100000)
  from space 2560K, 98% used [0x00000000ed100000,0x00000000ed378770,0x00000000ed380000)
  to   space 6144K, 0% used [0x00000000ef700000,0x00000000ef700000,0x00000000efd00000)
 ParOldGen       total 44032K, used 9360K [0x00000000c1200000, 0x00000000c3d00000, 0x00000000eb100000)
  object space 44032K, 21% used [0x00000000c1200000,0x00000000c1b24390,0x00000000c3d00000)
 Metaspace       used 13617K, capacity 14052K, committed 14208K, reserved 1060864K
  class space    used 1727K, capacity 1830K, committed 1920K, reserved 1048576K
}
Event: 2.696 GC heap before
{Heap before GC invocations=6 (full 0):
 PSYoungGen      total 35328K, used 35297K [0x00000000eb100000, 0x00000000efd00000, 0x0000000100000000)
  eden space 32768K, 100% used [0x00000000eb100000,0x00000000ed100000,0x00000000ed100000)
  from space 2560K, 98% used [0x00000000ed100000,0x00000000ed378770,0x00000000ed380000)
  to   space 6144K, 0% used [0x00000000ef700000,0x00000000ef700000,0x00000000efd00000)
 ParOldGen       total 44032K, used 9360K [0x00000000c1200000, 0x00000000c3d00000, 0x00000000eb100000)
  object space 44032K, 21% used [0x00000000c1200000,0x00000000c1b24390,0x00000000c3d00000)
 Metaspace       used 18056K, capacity 18534K, committed 18816K, reserved 1064960K
  class space    used 2289K, capacity 2421K, committed 2432K, reserved 1048576K
Event: 2.712 GC heap after
Heap after GC invocations=6 (full 0):
 PSYoungGen      total 70144K, used 6135K [0x00000000eb100000, 0x00000000f0000000, 0x0000000100000000)
  eden space 64000K, 0% used [0x00000000eb100000,0x00000000eb100000,0x00000000eef80000)
  from space 6144K, 99% used [0x00000000ef700000,0x00000000efcfdf30,0x00000000efd00000)
  to   space 7680K, 0% used [0x00000000eef80000,0x00000000eef80000,0x00000000ef700000)
 ParOldGen       total 44032K, used 10412K [0x00000000c1200000, 0x00000000c3d00000, 0x00000000eb100000)
  object space 44032K, 23% used [0x00000000c1200000,0x00000000c1c2b390,0x00000000c3d00000)
 Metaspace       used 18056K, capacity 18534K, committed 18816K, reserved 1064960K
  class space    used 2289K, capacity 2421K, committed 2432K, reserved 1048576K
}
Event: 2.979 GC heap before
{Heap before GC invocations=7 (full 0):
 PSYoungGen      total 70144K, used 23832K [0x00000000eb100000, 0x00000000f0000000, 0x0000000100000000)
  eden space 64000K, 27% used [0x00000000eb100000,0x00000000ec248178,0x00000000eef80000)
  from space 6144K, 99% used [0x00000000ef700000,0x00000000efcfdf30,0x00000000efd00000)
  to   space 7680K, 0% used [0x00000000eef80000,0x00000000eef80000,0x00000000ef700000)
 ParOldGen       total 44032K, used 10412K [0x00000000c1200000, 0x00000000c3d00000, 0x00000000eb100000)
  object space 44032K, 23% used [0x00000000c1200000,0x00000000c1c2b390,0x00000000c3d00000)
 Metaspace       used 20673K, capacity 21204K, committed 21296K, reserved 1067008K
  class space    used 2665K, capacity 2846K, committed 2864K, reserved 1048576K
Event: 2.996 GC heap after
Heap after GC invocations=7 (full 0):
 PSYoungGen      total 71680K, used 4002K [0x00000000eb100000, 0x00000000f3d00000, 0x0000000100000000)
  eden space 64000K, 0% used [0x00000000eb100000,0x00000000eb100000,0x00000000eef80000)
  from space 7680K, 52% used [0x00000000eef80000,0x00000000ef368b50,0x00000000ef700000)
  to   space 7680K, 0% used [0x00000000f3580000,0x00000000f3580000,0x00000000f3d00000)
 ParOldGen       total 44032K, used 11660K [0x00000000c1200000, 0x00000000c3d00000, 0x00000000eb100000)
  object space 44032K, 26% used [0x00000000c1200000,0x00000000c1d633f0,0x00000000c3d00000)
 Metaspace       used 20673K, capacity 21204K, committed 21296K, reserved 1067008K
  class space    used 2665K, capacity 2846K, committed 2864K, reserved 1048576K
}
Event: 2.996 GC heap before
{Heap before GC invocations=8 (full 1):
 PSYoungGen      total 71680K, used 4002K [0x00000000eb100000, 0x00000000f3d00000, 0x0000000100000000)
  eden space 64000K, 0% used [0x00000000eb100000,0x00000000eb100000,0x00000000eef80000)
  from space 7680K, 52% used [0x00000000eef80000,0x00000000ef368b50,0x00000000ef700000)
  to   space 7680K, 0% used [0x00000000f3580000,0x00000000f3580000,0x00000000f3d00000)
 ParOldGen       total 44032K, used 11660K [0x00000000c1200000, 0x00000000c3d00000, 0x00000000eb100000)
  object space 44032K, 26% used [0x00000000c1200000,0x00000000c1d633f0,0x00000000c3d00000)
 Metaspace       used 20673K, capacity 21204K, committed 21296K, reserved 1067008K
  class space    used 2665K, capacity 2846K, committed 2864K, reserved 1048576K
Event: 3.056 GC heap after
Heap after GC invocations=8 (full 1):
 PSYoungGen      total 71680K, used 0K [0x00000000eb100000, 0x00000000f3d00000, 0x0000000100000000)
  eden space 64000K, 0% used [0x00000000eb100000,0x00000000eb100000,0x00000000eef80000)
  from space 7680K, 0% used [0x00000000eef80000,0x00000000eef80000,0x00000000ef700000)
  to   space 7680K, 0% used [0x00000000f3580000,0x00000000f3580000,0x00000000f3d00000)
 ParOldGen       total 35840K, used 9936K [0x00000000c1200000, 0x00000000c3500000, 0x00000000eb100000)
  object space 35840K, 27% used [0x00000000c1200000,0x00000000c1bb4348,0x00000000c3500000)
 Metaspace       used 20671K, capacity 21198K, committed 21296K, reserved 1067008K
  class space    used 2665K, capacity 2845K, committed 2864K, reserved 1048576K
}

