# JRE version: Java(TM) SE Runtime Environment (8.0_40-b25) (build 1.8.0_40-b25)
# Java VM: Java HotSpot(TM) 64-Bit Server VM (25.40-b25 mixed mode windows-amd64 compressed oops)
Heap:
 PSYoungGen      total 130560K, used 67047K [0x00000000eb100000, 0x00000000f4880000, 0x0000000100000000)
  eden space 123904K, 54% used [0x00000000eb100000,0x00000000ef279de0,0x00000000f2a00000)
  from space 6656K, 0% used [0x00000000f3580000,0x00000000f3580000,0x00000000f3c00000)
  to   space 11776K, 0% used [0x00000000f2a00000,0x00000000f2a00000,0x00000000f3580000)
 ParOldGen       total 56832K, used 17090K [0x00000000c1200000, 0x00000000c4980000, 0x00000000eb100000)
  object space 56832K, 30% used [0x00000000c1200000,0x00000000c22b0aa8,0x00000000c4980000)
 Metaspace       used 36759K, capacity 38262K, committed 38360K, reserved 1083392K
  class space    used 4747K, capacity 5038K, committed 5120K, reserved 1048576K
GC Heap History (10 events):
Event: 3.442 GC heap before
{Heap before GC invocations=8 (full 1):
 PSYoungGen      total 71680K, used 4003K [0x00000000eb100000, 0x00000000f3d00000, 0x0000000100000000)
  eden space 64000K, 0% used [0x00000000eb100000,0x00000000eb100000,0x00000000eef80000)
  from space 7680K, 52% used [0x00000000eef80000,0x00000000ef368eb8,0x00000000ef700000)
  to   space 7680K, 0% used [0x00000000f3580000,0x00000000f3580000,0x00000000f3d00000)
 ParOldGen       total 44032K, used 11775K [0x00000000c1200000, 0x00000000c3d00000, 0x00000000eb100000)
  object space 44032K, 26% used [0x00000000c1200000,0x00000000c1d7fc00,0x00000000c3d00000)
 Metaspace       used 20685K, capacity 21172K, committed 21248K, reserved 1067008K
  class space    used 2655K, capacity 2814K, committed 2816K, reserved 1048576K
Event: 3.496 GC heap after
Heap after GC invocations=8 (full 1):
 PSYoungGen      total 71680K, used 0K [0x00000000eb100000, 0x00000000f3d00000, 0x0000000100000000)
  eden space 64000K, 0% used [0x00000000eb100000,0x00000000eb100000,0x00000000eef80000)
  from space 7680K, 0% used [0x00000000eef80000,0x00000000eef80000,0x00000000ef700000)
  to   space 7680K, 0% used [0x00000000f3580000,0x00000000f3580000,0x00000000f3d00000)
 ParOldGen       total 34816K, used 8022K [0x00000000c1200000, 0x00000000c3400000, 0x00000000eb100000)
  object space 34816K, 23% used [0x00000000c1200000,0x00000000c19d59d8,0x00000000c3400000)
 Metaspace       used 20683K, capacity 21166K, committed 21248K, reserved 1067008K
  class space    used 2654K, capacity 2813K, committed 2816K, reserved 1048576K
}
Event: 7.388 GC heap before
{Heap before GC invocations=9 (full 1):
 PSYoungGen      total 71680K, used 64000K [0x00000000eb100000, 0x00000000f3d00000, 0x0000000100000000)
  eden space 64000K, 100% used [0x00000000eb100000,0x00000000eef80000,0x00000000eef80000)
  from space 7680K, 0% used [0x00000000eef80000,0x00000000eef80000,0x00000000ef700000)
  to   space 7680K, 0% used [0x00000000f3580000,0x00000000f3580000,0x00000000f3d00000)
 ParOldGen       total 34816K, used 8022K [0x00000000c1200000, 0x00000000c3400000, 0x00000000eb100000)
  object space 34816K, 23% used [0x00000000c1200000,0x00000000c19d59d8,0x00000000c3400000)
 Metaspace       used 26690K, capacity 27542K, committed 27776K, reserved 1073152K
  class space    used 3459K, capacity 3669K, committed 3712K, reserved 1048576K
Event: 7.407 GC heap after
Heap after GC invocations=9 (full 1):
 PSYoungGen      total 107008K, used 6275K [0x00000000eb100000, 0x00000000f3c00000, 0x0000000100000000)
  eden space 100352K, 0% used [0x00000000eb100000,0x00000000eb100000,0x00000000f1300000)
  from space 6656K, 94% used [0x00000000f3580000,0x00000000f3ba0c80,0x00000000f3c00000)
  to   space 7680K, 0% used [0x00000000f2d00000,0x00000000f2d00000,0x00000000f3480000)
 ParOldGen       total 34816K, used 8030K [0x00000000c1200000, 0x00000000c3400000, 0x00000000eb100000)
  object space 34816K, 23% used [0x00000000c1200000,0x00000000c19d79d8,0x00000000c3400000)
 Metaspace       used 26690K, capacity 27542K, committed 27776K, reserved 1073152K
  class space    used 3459K, capacity 3669K, committed 3712K, reserved 1048576K
}
Event: 8.973 GC heap before
{Heap before GC invocations=10 (full 1):
 PSYoungGen      total 107008K, used 106627K [0x00000000eb100000, 0x00000000f3c00000, 0x0000000100000000)
  eden space 100352K, 100% used [0x00000000eb100000,0x00000000f1300000,0x00000000f1300000)
  from space 6656K, 94% used [0x00000000f3580000,0x00000000f3ba0c80,0x00000000f3c00000)
  to   space 7680K, 0% used [0x00000000f2d00000,0x00000000f2d00000,0x00000000f3480000)
 ParOldGen       total 34816K, used 8030K [0x00000000c1200000, 0x00000000c3400000, 0x00000000eb100000)
  object space 34816K, 23% used [0x00000000c1200000,0x00000000c19d79d8,0x00000000c3400000)
 Metaspace       used 29141K, capacity 30156K, committed 30464K, reserved 1075200K
  class space    used 3796K, capacity 4028K, committed 4096K, reserved 1048576K
Event: 9.002 GC heap after
Heap after GC invocations=10 (full 1):
 PSYoungGen      total 108032K, used 7667K [0x00000000eb100000, 0x00000000f3c00000, 0x0000000100000000)
  eden space 100352K, 0% used [0x00000000eb100000,0x00000000eb100000,0x00000000f1300000)
  from space 7680K, 99% used [0x00000000f2d00000,0x00000000f347cda8,0x00000000f3480000)
  to   space 6656K, 0% used [0x00000000f3580000,0x00000000f3580000,0x00000000f3c00000)
 ParOldGen       total 34816K, used 10022K [0x00000000c1200000, 0x00000000c3400000, 0x00000000eb100000)
  object space 34816K, 28% used [0x00000000c1200000,0x00000000c1bc9980,0x00000000c3400000)
 Metaspace       used 29141K, capacity 30156K, committed 30464K, reserved 1075200K
  class space    used 3796K, capacity 4028K, committed 4096K, reserved 1048576K
}
Event: 11.833 GC heap before
{Heap before GC invocations=11 (full 1):
 PSYoungGen      total 108032K, used 88688K [0x00000000eb100000, 0x00000000f3c00000, 0x0000000100000000)
  eden space 100352K, 80% used [0x00000000eb100000,0x00000000f001f630,0x00000000f1300000)
  from space 7680K, 99% used [0x00000000f2d00000,0x00000000f347cda8,0x00000000f3480000)
  to   space 6656K, 0% used [0x00000000f3580000,0x00000000f3580000,0x00000000f3c00000)
 ParOldGen       total 34816K, used 10022K [0x00000000c1200000, 0x00000000c3400000, 0x00000000eb100000)
  object space 34816K, 28% used [0x00000000c1200000,0x00000000c1bc9980,0x00000000c3400000)
 Metaspace       used 33945K, capacity 35386K, committed 35416K, reserved 1079296K
  class space    used 4426K, capacity 4708K, committed 4736K, reserved 1048576K
Event: 11.852 GC heap after
Heap after GC invocations=11 (full 1):
 PSYoungGen      total 130560K, used 6656K [0x00000000eb100000, 0x00000000f4880000, 0x0000000100000000)
  eden space 123904K, 0% used [0x00000000eb100000,0x00000000eb100000,0x00000000f2a00000)
  from space 6656K, 100% used [0x00000000f3580000,0x00000000f3c00000,0x00000000f3c00000)
  to   space 11776K, 0% used [0x00000000f2a00000,0x00000000f2a00000,0x00000000f3580000)
 ParOldGen       total 34816K, used 16520K [0x00000000c1200000, 0x00000000c3400000, 0x00000000eb100000)
  object space 34816K, 47% used [0x00000000c1200000,0x00000000c22220b0,0x00000000c3400000)
 Metaspace       used 33945K, capacity 35386K, committed 35416K, reserved 1079296K
  class space    used 4426K, capacity 4708K, committed 4736K, reserved 1048576K
}
Event: 11.852 GC heap before
{Heap before GC invocations=12 (full 2):
 PSYoungGen      total 130560K, used 6656K [0x00000000eb100000, 0x00000000f4880000, 0x0000000100000000)
  eden space 123904K, 0% used [0x00000000eb100000,0x00000000eb100000,0x00000000f2a00000)
  from space 6656K, 100% used [0x00000000f3580000,0x00000000f3c00000,0x00000000f3c00000)
  to   space 11776K, 0% used [0x00000000f2a00000,0x00000000f2a00000,0x00000000f3580000)
 ParOldGen       total 34816K, used 16520K [0x00000000c1200000, 0x00000000c3400000, 0x00000000eb100000)
  object space 34816K, 47% used [0x00000000c1200000,0x00000000c22220b0,0x00000000c3400000)
 Metaspace       used 33945K, capacity 35386K, committed 35416K, reserved 1079296K
  class space    used 4426K, capacity 4708K, committed 4736K, reserved 1048576K
Event: 11.978 GC heap after
Heap after GC invocations=12 (full 2):
 PSYoungGen      total 130560K, used 0K [0x00000000eb100000, 0x00000000f4880000, 0x0000000100000000)
  eden space 123904K, 0% used [0x00000000eb100000,0x00000000eb100000,0x00000000f2a00000)
  from space 6656K, 0% used [0x00000000f3580000,0x00000000f3580000,0x00000000f3c00000)
  to   space 11776K, 0% used [0x00000000f2a00000,0x00000000f2a00000,0x00000000f3580000)
 ParOldGen       total 56832K, used 17090K [0x00000000c1200000, 0x00000000c4980000, 0x00000000eb100000)
  object space 56832K, 30% used [0x00000000c1200000,0x00000000c22b0aa8,0x00000000c4980000)
 Metaspace       used 33945K, capacity 35386K, committed 35416K, reserved 1079296K
  class space    used 4426K, capacity 4708K, committed 4736K, reserved 1048576K
}

