# JRE version: Java(TM) SE Runtime Environment (8.0_40-b25) (build 1.8.0_40-b25)
# Java VM: Java HotSpot(TM) 64-Bit Server VM (25.40-b25 mixed mode windows-amd64 compressed oops)
Heap:
 PSYoungGen      total 71680K, used 38654K [0x00000000eb100000, 0x00000000f0000000, 0x0000000100000000)
  eden space 64000K, 60% used [0x00000000eb100000,0x00000000ed6bfac8,0x00000000eef80000)
  from space 7680K, 0% used [0x00000000eef80000,0x00000000eef80000,0x00000000ef700000)
  to   space 6144K, 0% used [0x00000000ef700000,0x00000000ef700000,0x00000000efd00000)
 ParOldGen       total 35328K, used 8669K [0x00000000c1200000, 0x00000000c3480000, 0x00000000eb100000)
  object space 35328K, 24% used [0x00000000c1200000,0x00000000c1a774e0,0x00000000c3480000)
 Metaspace       used 24417K, capacity 25186K, committed 25392K, reserved 1071104K
  class space    used 3144K, capacity 3349K, committed 3376K, reserved 1048576K
GC Heap History (10 events):
Event: 2.355 GC heap before
{Heap before GC invocations=4 (full 0):
 PSYoungGen      total 18944K, used 18913K [0x00000000eb100000, 0x00000000ed600000, 0x0000000100000000)
  eden space 16384K, 100% used [0x00000000eb100000,0x00000000ec100000,0x00000000ec100000)
  from space 2560K, 98% used [0x00000000ec100000,0x00000000ec378790,0x00000000ec380000)
  to   space 2560K, 0% used [0x00000000ed380000,0x00000000ed380000,0x00000000ed600000)
 ParOldGen       total 44032K, used 4584K [0x00000000c1200000, 0x00000000c3d00000, 0x00000000eb100000)
  object space 44032K, 10% used [0x00000000c1200000,0x00000000c167a180,0x00000000c3d00000)
 Metaspace       used 10660K, capacity 10898K, committed 11136K, reserved 1058816K
  class space    used 1222K, capacity 1286K, committed 1408K, reserved 1048576K
Event: 2.364 GC heap after
Heap after GC invocations=4 (full 0):
 PSYoungGen      total 35328K, used 2545K [0x00000000eb100000, 0x00000000ed600000, 0x0000000100000000)
  eden space 32768K, 0% used [0x00000000eb100000,0x00000000eb100000,0x00000000ed100000)
  from space 2560K, 99% used [0x00000000ed380000,0x00000000ed5fc780,0x00000000ed600000)
  to   space 2560K, 0% used [0x00000000ed100000,0x00000000ed100000,0x00000000ed380000)
 ParOldGen       total 44032K, used 6337K [0x00000000c1200000, 0x00000000c3d00000, 0x00000000eb100000)
  object space 44032K, 14% used [0x00000000c1200000,0x00000000c18305b0,0x00000000c3d00000)
 Metaspace       used 10660K, capacity 10898K, committed 11136K, reserved 1058816K
  class space    used 1222K, capacity 1286K, committed 1408K, reserved 1048576K
}
Event: 3.236 GC heap before
{Heap before GC invocations=5 (full 0):
 PSYoungGen      total 35328K, used 35313K [0x00000000eb100000, 0x00000000ed600000, 0x0000000100000000)
  eden space 32768K, 100% used [0x00000000eb100000,0x00000000ed100000,0x00000000ed100000)
  from space 2560K, 99% used [0x00000000ed380000,0x00000000ed5fc780,0x00000000ed600000)
  to   space 2560K, 0% used [0x00000000ed100000,0x00000000ed100000,0x00000000ed380000)
 ParOldGen       total 44032K, used 6337K [0x00000000c1200000, 0x00000000c3d00000, 0x00000000eb100000)
  object space 44032K, 14% used [0x00000000c1200000,0x00000000c18305b0,0x00000000c3d00000)
 Metaspace       used 13680K, capacity 14036K, committed 14208K, reserved 1060864K
  class space    used 1745K, capacity 1868K, committed 1920K, reserved 1048576K
Event: 3.247 GC heap after
Heap after GC invocations=5 (full 0):
 PSYoungGen      total 35328K, used 2545K [0x00000000eb100000, 0x00000000efd00000, 0x0000000100000000)
  eden space 32768K, 0% used [0x00000000eb100000,0x00000000eb100000,0x00000000ed100000)
  from space 2560K, 99% used [0x00000000ed100000,0x00000000ed37c780,0x00000000ed380000)
  to   space 6144K, 0% used [0x00000000ef700000,0x00000000ef700000,0x00000000efd00000)
 ParOldGen       total 44032K, used 9345K [0x00000000c1200000, 0x00000000c3d00000, 0x00000000eb100000)
  object space 44032K, 21% used [0x00000000c1200000,0x00000000c1b20418,0x00000000c3d00000)
 Metaspace       used 13680K, capacity 14036K, committed 14208K, reserved 1060864K
  class space    used 1745K, capacity 1868K, committed 1920K, reserved 1048576K
}
Event: 3.767 GC heap before
{Heap before GC invocations=6 (full 0):
 PSYoungGen      total 35328K, used 35313K [0x00000000eb100000, 0x00000000efd00000, 0x0000000100000000)
  eden space 32768K, 100% used [0x00000000eb100000,0x00000000ed100000,0x00000000ed100000)
  from space 2560K, 99% used [0x00000000ed100000,0x00000000ed37c780,0x00000000ed380000)
  to   space 6144K, 0% used [0x00000000ef700000,0x00000000ef700000,0x00000000efd00000)
 ParOldGen       total 44032K, used 9345K [0x00000000c1200000, 0x00000000c3d00000, 0x00000000eb100000)
  object space 44032K, 21% used [0x00000000c1200000,0x00000000c1b20418,0x00000000c3d00000)
 Metaspace       used 17932K, capacity 18438K, committed 18560K, reserved 1064960K
  class space    used 2272K, capacity 2389K, committed 2432K, reserved 1048576K
Event: 3.778 GC heap after
Heap after GC invocations=6 (full 0):
 PSYoungGen      total 70144K, used 6132K [0x00000000eb100000, 0x00000000f0000000, 0x0000000100000000)
  eden space 64000K, 0% used [0x00000000eb100000,0x00000000eb100000,0x00000000eef80000)
  from space 6144K, 99% used [0x00000000ef700000,0x00000000efcfd3b0,0x00000000efd00000)
  to   space 7680K, 0% used [0x00000000eef80000,0x00000000eef80000,0x00000000ef700000)
 ParOldGen       total 44032K, used 10153K [0x00000000c1200000, 0x00000000c3d00000, 0x00000000eb100000)
  object space 44032K, 23% used [0x00000000c1200000,0x00000000c1bea698,0x00000000c3d00000)
 Metaspace       used 17932K, capacity 18438K, committed 18560K, reserved 1064960K
  class space    used 2272K, capacity 2389K, committed 2432K, reserved 1048576K
}
Event: 4.389 GC heap before
{Heap before GC invocations=7 (full 0):
 PSYoungGen      total 70144K, used 26808K [0x00000000eb100000, 0x00000000f0000000, 0x0000000100000000)
  eden space 64000K, 32% used [0x00000000eb100000,0x00000000ec530f18,0x00000000eef80000)
  from space 6144K, 99% used [0x00000000ef700000,0x00000000efcfd3b0,0x00000000efd00000)
  to   space 7680K, 0% used [0x00000000eef80000,0x00000000eef80000,0x00000000ef700000)
 ParOldGen       total 44032K, used 10153K [0x00000000c1200000, 0x00000000c3d00000, 0x00000000eb100000)
  object space 44032K, 23% used [0x00000000c1200000,0x00000000c1bea698,0x00000000c3d00000)
 Metaspace       used 20700K, capacity 21220K, committed 21296K, reserved 1067008K
  class space    used 2671K, capacity 2850K, committed 2864K, reserved 1048576K
Event: 4.400 GC heap after
Heap after GC invocations=7 (full 0):
 PSYoungGen      total 71680K, used 4603K [0x00000000eb100000, 0x00000000f0000000, 0x0000000100000000)
  eden space 64000K, 0% used [0x00000000eb100000,0x00000000eb100000,0x00000000eef80000)
  from space 7680K, 59% used [0x00000000eef80000,0x00000000ef3fec18,0x00000000ef700000)
  to   space 6144K, 0% used [0x00000000ef700000,0x00000000ef700000,0x00000000efd00000)
 ParOldGen       total 44032K, used 11189K [0x00000000c1200000, 0x00000000c3d00000, 0x00000000eb100000)
  object space 44032K, 25% used [0x00000000c1200000,0x00000000c1ced408,0x00000000c3d00000)
 Metaspace       used 20700K, capacity 21220K, committed 21296K, reserved 1067008K
  class space    used 2671K, capacity 2850K, committed 2864K, reserved 1048576K
}
Event: 4.400 GC heap before
{Heap before GC invocations=8 (full 1):
 PSYoungGen      total 71680K, used 4603K [0x00000000eb100000, 0x00000000f0000000, 0x0000000100000000)
  eden space 64000K, 0% used [0x00000000eb100000,0x00000000eb100000,0x00000000eef80000)
  from space 7680K, 59% used [0x00000000eef80000,0x00000000ef3fec18,0x00000000ef700000)
  to   space 6144K, 0% used [0x00000000ef700000,0x00000000ef700000,0x00000000efd00000)
 ParOldGen       total 44032K, used 11189K [0x00000000c1200000, 0x00000000c3d00000, 0x00000000eb100000)
  object space 44032K, 25% used [0x00000000c1200000,0x00000000c1ced408,0x00000000c3d00000)
 Metaspace       used 20700K, capacity 21220K, committed 21296K, reserved 1067008K
  class space    used 2671K, capacity 2850K, committed 2864K, reserved 1048576K
Event: 4.450 GC heap after
Heap after GC invocations=8 (full 1):
 PSYoungGen      total 71680K, used 0K [0x00000000eb100000, 0x00000000f0000000, 0x0000000100000000)
  eden space 64000K, 0% used [0x00000000eb100000,0x00000000eb100000,0x00000000eef80000)
  from space 7680K, 0% used [0x00000000eef80000,0x00000000eef80000,0x00000000ef700000)
  to   space 6144K, 0% used [0x00000000ef700000,0x00000000ef700000,0x00000000efd00000)
 ParOldGen       total 35328K, used 8669K [0x00000000c1200000, 0x00000000c3480000, 0x00000000eb100000)
  object space 35328K, 24% used [0x00000000c1200000,0x00000000c1a774e0,0x00000000c3480000)
 Metaspace       used 20698K, capacity 21214K, committed 21296K, reserved 1067008K
  class space    used 2671K, capacity 2849K, committed 2864K, reserved 1048576K
}

