Heap:
 PSYoungGen      total 175104K, used 90852K [0x00000000eb100000, 0x00000000f6c00000, 0x0000000100000000)
  eden space 161792K, 49% used [0x00000000eb100000,0x00000000efe9d948,0x00000000f4f00000)
  from space 13312K, 85% used [0x00000000f5f00000,0x00000000f6a1b740,0x00000000f6c00000)
  to   space 14848K, 0% used [0x00000000f4f00000,0x00000000f4f00000,0x00000000f5d80000)
 ParOldGen       total 55808K, used 27242K [0x00000000c1200000, 0x00000000c4880000, 0x00000000eb100000)
  object space 55808K, 48% used [0x00000000c1200000,0x00000000c2c9a820,0x00000000c4880000)
 Metaspace       used 51625K, capacity 54234K, committed 54360K, reserved 1095680K
  class space    used 6828K, capacity 7282K, committed 7296K, reserved 1048576K
GC Heap History (10 events):
Event: 8.076 GC heap before
{Heap before GC invocations=10 (full 1):
 PSYoungGen      total 105984K, used 105701K [0x00000000eb100000, 0x00000000f3c00000, 0x0000000100000000)
  eden space 99328K, 100% used [0x00000000eb100000,0x00000000f1200000,0x00000000f1200000)
  from space 6656K, 95% used [0x00000000f3580000,0x00000000f3bb94b8,0x00000000f3c00000)
  to   space 7680K, 0% used [0x00000000f2d00000,0x00000000f2d00000,0x00000000f3480000)
 ParOldGen       total 34816K, used 8141K [0x00000000c1200000, 0x00000000c3400000, 0x00000000eb100000)
  object space 34816K, 23% used [0x00000000c1200000,0x00000000c19f37e8,0x00000000c3400000)
 Metaspace       used 29117K, capacity 30088K, committed 30208K, reserved 1075200K
  class space    used 3792K, capacity 4028K, committed 4096K, reserved 1048576K
Event: 8.100 GC heap after
Heap after GC invocations=10 (full 1):
 PSYoungGen      total 134656K, used 7672K [0x00000000eb100000, 0x00000000f4380000, 0x0000000100000000)
  eden space 126976K, 0% used [0x00000000eb100000,0x00000000eb100000,0x00000000f2d00000)
  from space 7680K, 99% used [0x00000000f2d00000,0x00000000f347e1f8,0x00000000f3480000)
  to   space 9728K, 0% used [0x00000000f3a00000,0x00000000f3a00000,0x00000000f4380000)
 ParOldGen       total 34816K, used 10043K [0x00000000c1200000, 0x00000000c3400000, 0x00000000eb100000)
  object space 34816K, 28% used [0x00000000c1200000,0x00000000c1bcee58,0x00000000c3400000)
 Metaspace       used 29117K, capacity 30088K, committed 30208K, reserved 1075200K
  class space    used 3792K, capacity 4028K, committed 4096K, reserved 1048576K
}
Event: 10.962 GC heap before
{Heap before GC invocations=11 (full 1):
 PSYoungGen      total 134656K, used 89931K [0x00000000eb100000, 0x00000000f4380000, 0x0000000100000000)
  eden space 126976K, 64% used [0x00000000eb100000,0x00000000f0154c60,0x00000000f2d00000)
  from space 7680K, 99% used [0x00000000f2d00000,0x00000000f347e1f8,0x00000000f3480000)
  to   space 9728K, 0% used [0x00000000f3a00000,0x00000000f3a00000,0x00000000f4380000)
 ParOldGen       total 34816K, used 10043K [0x00000000c1200000, 0x00000000c3400000, 0x00000000eb100000)
  object space 34816K, 28% used [0x00000000c1200000,0x00000000c1bcee58,0x00000000c3400000)
 Metaspace       used 33941K, capacity 35378K, committed 35416K, reserved 1079296K
  class space    used 4426K, capacity 4708K, committed 4736K, reserved 1048576K
Event: 10.985 GC heap after
Heap after GC invocations=11 (full 1):
 PSYoungGen      total 137728K, used 9699K [0x00000000eb100000, 0x00000000f6880000, 0x0000000100000000)
  eden space 128000K, 0% used [0x00000000eb100000,0x00000000eb100000,0x00000000f2e00000)
  from space 9728K, 99% used [0x00000000f3a00000,0x00000000f4378d60,0x00000000f4380000)
  to   space 12288K, 0% used [0x00000000f2e00000,0x00000000f2e00000,0x00000000f3a00000)
 ParOldGen       total 34816K, used 13692K [0x00000000c1200000, 0x00000000c3400000, 0x00000000eb100000)
  object space 34816K, 39% used [0x00000000c1200000,0x00000000c1f5f168,0x00000000c3400000)
 Metaspace       used 33941K, capacity 35378K, committed 35416K, reserved 1079296K
  class space    used 4426K, capacity 4708K, committed 4736K, reserved 1048576K
}
Event: 10.985 GC heap before
{Heap before GC invocations=12 (full 2):
 PSYoungGen      total 137728K, used 9699K [0x00000000eb100000, 0x00000000f6880000, 0x0000000100000000)
  eden space 128000K, 0% used [0x00000000eb100000,0x00000000eb100000,0x00000000f2e00000)
  from space 9728K, 99% used [0x00000000f3a00000,0x00000000f4378d60,0x00000000f4380000)
  to   space 12288K, 0% used [0x00000000f2e00000,0x00000000f2e00000,0x00000000f3a00000)
 ParOldGen       total 34816K, used 13692K [0x00000000c1200000, 0x00000000c3400000, 0x00000000eb100000)
  object space 34816K, 39% used [0x00000000c1200000,0x00000000c1f5f168,0x00000000c3400000)
 Metaspace       used 33941K, capacity 35378K, committed 35416K, reserved 1079296K
  class space    used 4426K, capacity 4708K, committed 4736K, reserved 1048576K
Event: 11.110 GC heap after
Heap after GC invocations=12 (full 2):
 PSYoungGen      total 137728K, used 0K [0x00000000eb100000, 0x00000000f6880000, 0x0000000100000000)
  eden space 128000K, 0% used [0x00000000eb100000,0x00000000eb100000,0x00000000f2e00000)
  from space 9728K, 0% used [0x00000000f3a00000,0x00000000f3a00000,0x00000000f4380000)
  to   space 12288K, 0% used [0x00000000f2e00000,0x00000000f2e00000,0x00000000f3a00000)
 ParOldGen       total 55808K, used 17148K [0x00000000c1200000, 0x00000000c4880000, 0x00000000eb100000)
  object space 55808K, 30% used [0x00000000c1200000,0x00000000c22bf0f0,0x00000000c4880000)
 Metaspace       used 33941K, capacity 35378K, committed 35416K, reserved 1079296K
  class space    used 4426K, capacity 4708K, committed 4736K, reserved 1048576K
}
Event: 15.034 GC heap before
{Heap before GC invocations=13 (full 2):
 PSYoungGen      total 137728K, used 128000K [0x00000000eb100000, 0x00000000f6880000, 0x0000000100000000)
  eden space 128000K, 100% used [0x00000000eb100000,0x00000000f2e00000,0x00000000f2e00000)
  from space 9728K, 0% used [0x00000000f3a00000,0x00000000f3a00000,0x00000000f4380000)
  to   space 12288K, 0% used [0x00000000f2e00000,0x00000000f2e00000,0x00000000f3a00000)
 ParOldGen       total 55808K, used 17148K [0x00000000c1200000, 0x00000000c4880000, 0x00000000eb100000)
  object space 55808K, 30% used [0x00000000c1200000,0x00000000c22bf0f0,0x00000000c4880000)
 Metaspace       used 39893K, capacity 41578K, committed 41944K, reserved 1085440K
  class space    used 5188K, capacity 5511K, committed 5632K, reserved 1048576K
Event: 15.063 GC heap after
Heap after GC invocations=13 (full 2):
 PSYoungGen      total 140288K, used 12287K [0x00000000eb100000, 0x00000000f6c80000, 0x0000000100000000)
  eden space 128000K, 0% used [0x00000000eb100000,0x00000000eb100000,0x00000000f2e00000)
  from space 12288K, 99% used [0x00000000f2e00000,0x00000000f39ffc40,0x00000000f3a00000)
  to   space 13824K, 0% used [0x00000000f5f00000,0x00000000f5f00000,0x00000000f6c80000)
 ParOldGen       total 55808K, used 17848K [0x00000000c1200000, 0x00000000c4880000, 0x00000000eb100000)
  object space 55808K, 31% used [0x00000000c1200000,0x00000000c236e300,0x00000000c4880000)
 Metaspace       used 39893K, capacity 41578K, committed 41944K, reserved 1085440K
  class space    used 5188K, capacity 5511K, committed 5632K, reserved 1048576K
}
Event: 18.880 GC heap before
{Heap before GC invocations=14 (full 2):
 PSYoungGen      total 140288K, used 140287K [0x00000000eb100000, 0x00000000f6c80000, 0x0000000100000000)
  eden space 128000K, 100% used [0x00000000eb100000,0x00000000f2e00000,0x00000000f2e00000)
  from space 12288K, 99% used [0x00000000f2e00000,0x00000000f39ffc40,0x00000000f3a00000)
  to   space 13824K, 0% used [0x00000000f5f00000,0x00000000f5f00000,0x00000000f6c80000)
 ParOldGen       total 55808K, used 17848K [0x00000000c1200000, 0x00000000c4880000, 0x00000000eb100000)
  object space 55808K, 31% used [0x00000000c1200000,0x00000000c236e300,0x00000000c4880000)
 Metaspace       used 47362K, capacity 49672K, committed 50008K, reserved 1093632K
  class space    used 6256K, capacity 6671K, committed 6784K, reserved 1048576K
Event: 18.914 GC heap after
Heap after GC invocations=14 (full 2):
 PSYoungGen      total 175104K, used 11373K [0x00000000eb100000, 0x00000000f6c00000, 0x0000000100000000)
  eden space 161792K, 0% used [0x00000000eb100000,0x00000000eb100000,0x00000000f4f00000)
  from space 13312K, 85% used [0x00000000f5f00000,0x00000000f6a1b740,0x00000000f6c00000)
  to   space 14848K, 0% used [0x00000000f4f00000,0x00000000f4f00000,0x00000000f5d80000)
 ParOldGen       total 55808K, used 27242K [0x00000000c1200000, 0x00000000c4880000, 0x00000000eb100000)
  object space 55808K, 48% used [0x00000000c1200000,0x00000000c2c9a820,0x00000000c4880000)
 Metaspace       used 47362K, capacity 49672K, committed 50008K, reserved 1093632K
  class space    used 6256K, capacity 6671K, committed 6784K, reserved 1048576K
}

