# JRE version: Java(TM) SE Runtime Environment (8.0_40-b25) (build 1.8.0_40-b25)
# Java VM: Java HotSpot(TM) 64-Bit Server VM (25.40-b25 mixed mode windows-amd64 compressed oops)
Heap:
 PSYoungGen      total 71680K, used 54729K [0x00000000eb100000, 0x00000000f3c00000, 0x0000000100000000)
  eden space 64000K, 85% used [0x00000000eb100000,0x00000000ee672670,0x00000000eef80000)
  from space 7680K, 0% used [0x00000000eef80000,0x00000000eef80000,0x00000000ef700000)
  to   space 7168K, 0% used [0x00000000f3500000,0x00000000f3500000,0x00000000f3c00000)
 ParOldGen       total 34304K, used 8276K [0x00000000c1200000, 0x00000000c3380000, 0x00000000eb100000)
  object space 34304K, 24% used [0x00000000c1200000,0x00000000c1a151e8,0x00000000c3380000)
 Metaspace       used 25748K, capacity 26588K, committed 26928K, reserved 1073152K
  class space    used 3341K, capacity 3528K, committed 3632K, reserved 1048576K
GC Heap History (10 events):
Event: 1.687 GC heap before
{Heap before GC invocations=4 (full 0):
 PSYoungGen      total 18944K, used 18914K [0x00000000eb100000, 0x00000000ed600000, 0x0000000100000000)
  eden space 16384K, 100% used [0x00000000eb100000,0x00000000ec100000,0x00000000ec100000)
  from space 2560K, 98% used [0x00000000ec100000,0x00000000ec378928,0x00000000ec380000)
  to   space 2560K, 0% used [0x00000000ed380000,0x00000000ed380000,0x00000000ed600000)
 ParOldGen       total 44032K, used 4611K [0x00000000c1200000, 0x00000000c3d00000, 0x00000000eb100000)
  object space 44032K, 10% used [0x00000000c1200000,0x00000000c1680e28,0x00000000c3d00000)
 Metaspace       used 10677K, capacity 10930K, committed 11136K, reserved 1058816K
  class space    used 1225K, capacity 1318K, committed 1408K, reserved 1048576K
Event: 1.695 GC heap after
Heap after GC invocations=4 (full 0):
 PSYoungGen      total 35328K, used 2545K [0x00000000eb100000, 0x00000000ed600000, 0x0000000100000000)
  eden space 32768K, 0% used [0x00000000eb100000,0x00000000eb100000,0x00000000ed100000)
  from space 2560K, 99% used [0x00000000ed380000,0x00000000ed5fc780,0x00000000ed600000)
  to   space 2560K, 0% used [0x00000000ed100000,0x00000000ed100000,0x00000000ed380000)
 ParOldGen       total 44032K, used 6376K [0x00000000c1200000, 0x00000000c3d00000, 0x00000000eb100000)
  object space 44032K, 14% used [0x00000000c1200000,0x00000000c183a070,0x00000000c3d00000)
 Metaspace       used 10677K, capacity 10930K, committed 11136K, reserved 1058816K
  class space    used 1225K, capacity 1318K, committed 1408K, reserved 1048576K
}
Event: 2.293 GC heap before
{Heap before GC invocations=5 (full 0):
 PSYoungGen      total 35328K, used 35313K [0x00000000eb100000, 0x00000000ed600000, 0x0000000100000000)
  eden space 32768K, 100% used [0x00000000eb100000,0x00000000ed100000,0x00000000ed100000)
  from space 2560K, 99% used [0x00000000ed380000,0x00000000ed5fc780,0x00000000ed600000)
  to   space 2560K, 0% used [0x00000000ed100000,0x00000000ed100000,0x00000000ed380000)
 ParOldGen       total 44032K, used 6376K [0x00000000c1200000, 0x00000000c3d00000, 0x00000000eb100000)
  object space 44032K, 14% used [0x00000000c1200000,0x00000000c183a070,0x00000000c3d00000)
 Metaspace       used 13628K, capacity 14046K, committed 14208K, reserved 1060864K
  class space    used 1741K, capacity 1871K, committed 1920K, reserved 1048576K
Event: 2.306 GC heap after
Heap after GC invocations=5 (full 0):
 PSYoungGen      total 35328K, used 2529K [0x00000000eb100000, 0x00000000efd00000, 0x0000000100000000)
  eden space 32768K, 0% used [0x00000000eb100000,0x00000000eb100000,0x00000000ed100000)
  from space 2560K, 98% used [0x00000000ed100000,0x00000000ed378770,0x00000000ed380000)
  to   space 6144K, 0% used [0x00000000ef700000,0x00000000ef700000,0x00000000efd00000)
 ParOldGen       total 44032K, used 9352K [0x00000000c1200000, 0x00000000c3d00000, 0x00000000eb100000)
  object space 44032K, 21% used [0x00000000c1200000,0x00000000c1b222f0,0x00000000c3d00000)
 Metaspace       used 13628K, capacity 14046K, committed 14208K, reserved 1060864K
  class space    used 1741K, capacity 1871K, committed 1920K, reserved 1048576K
}
Event: 2.671 GC heap before
{Heap before GC invocations=6 (full 0):
 PSYoungGen      total 35328K, used 35297K [0x00000000eb100000, 0x00000000efd00000, 0x0000000100000000)
  eden space 32768K, 100% used [0x00000000eb100000,0x00000000ed100000,0x00000000ed100000)
  from space 2560K, 98% used [0x00000000ed100000,0x00000000ed378770,0x00000000ed380000)
  to   space 6144K, 0% used [0x00000000ef700000,0x00000000ef700000,0x00000000efd00000)
 ParOldGen       total 44032K, used 9352K [0x00000000c1200000, 0x00000000c3d00000, 0x00000000eb100000)
  object space 44032K, 21% used [0x00000000c1200000,0x00000000c1b222f0,0x00000000c3d00000)
 Metaspace       used 18044K, capacity 18534K, committed 18816K, reserved 1064960K
  class space    used 2286K, capacity 2421K, committed 2432K, reserved 1048576K
Event: 2.682 GC heap after
Heap after GC invocations=6 (full 0):
 PSYoungGen      total 70144K, used 6129K [0x00000000eb100000, 0x00000000f0000000, 0x0000000100000000)
  eden space 64000K, 0% used [0x00000000eb100000,0x00000000eb100000,0x00000000eef80000)
  from space 6144K, 99% used [0x00000000ef700000,0x00000000efcfc458,0x00000000efd00000)
  to   space 7680K, 0% used [0x00000000eef80000,0x00000000eef80000,0x00000000ef700000)
 ParOldGen       total 44032K, used 10442K [0x00000000c1200000, 0x00000000c3d00000, 0x00000000eb100000)
  object space 44032K, 23% used [0x00000000c1200000,0x00000000c1c32868,0x00000000c3d00000)
 Metaspace       used 18044K, capacity 18534K, committed 18816K, reserved 1064960K
  class space    used 2286K, capacity 2421K, committed 2432K, reserved 1048576K
}
Event: 2.938 GC heap before
{Heap before GC invocations=7 (full 0):
 PSYoungGen      total 70144K, used 23914K [0x00000000eb100000, 0x00000000f0000000, 0x0000000100000000)
  eden space 64000K, 27% used [0x00000000eb100000,0x00000000ec25e3e0,0x00000000eef80000)
  from space 6144K, 99% used [0x00000000ef700000,0x00000000efcfc458,0x00000000efd00000)
  to   space 7680K, 0% used [0x00000000eef80000,0x00000000eef80000,0x00000000ef700000)
 ParOldGen       total 44032K, used 10442K [0x00000000c1200000, 0x00000000c3d00000, 0x00000000eb100000)
  object space 44032K, 23% used [0x00000000c1200000,0x00000000c1c32868,0x00000000c3d00000)
 Metaspace       used 20682K, capacity 21204K, committed 21296K, reserved 1067008K
  class space    used 2668K, capacity 2846K, committed 2864K, reserved 1048576K
Event: 2.950 GC heap after
Heap after GC invocations=7 (full 0):
 PSYoungGen      total 71680K, used 4196K [0x00000000eb100000, 0x00000000f3c00000, 0x0000000100000000)
  eden space 64000K, 0% used [0x00000000eb100000,0x00000000eb100000,0x00000000eef80000)
  from space 7680K, 54% used [0x00000000eef80000,0x00000000ef3990d0,0x00000000ef700000)
  to   space 7168K, 0% used [0x00000000f3500000,0x00000000f3500000,0x00000000f3c00000)
 ParOldGen       total 44032K, used 11638K [0x00000000c1200000, 0x00000000c3d00000, 0x00000000eb100000)
  object space 44032K, 26% used [0x00000000c1200000,0x00000000c1d5dae0,0x00000000c3d00000)
 Metaspace       used 20682K, capacity 21204K, committed 21296K, reserved 1067008K
  class space    used 2668K, capacity 2846K, committed 2864K, reserved 1048576K
}
Event: 2.950 GC heap before
{Heap before GC invocations=8 (full 1):
 PSYoungGen      total 71680K, used 4196K [0x00000000eb100000, 0x00000000f3c00000, 0x0000000100000000)
  eden space 64000K, 0% used [0x00000000eb100000,0x00000000eb100000,0x00000000eef80000)
  from space 7680K, 54% used [0x00000000eef80000,0x00000000ef3990d0,0x00000000ef700000)
  to   space 7168K, 0% used [0x00000000f3500000,0x00000000f3500000,0x00000000f3c00000)
 ParOldGen       total 44032K, used 11638K [0x00000000c1200000, 0x00000000c3d00000, 0x00000000eb100000)
  object space 44032K, 26% used [0x00000000c1200000,0x00000000c1d5dae0,0x00000000c3d00000)
 Metaspace       used 20682K, capacity 21204K, committed 21296K, reserved 1067008K
  class space    used 2668K, capacity 2846K, committed 2864K, reserved 1048576K
Event: 2.998 GC heap after
Heap after GC invocations=8 (full 1):
 PSYoungGen      total 71680K, used 0K [0x00000000eb100000, 0x00000000f3c00000, 0x0000000100000000)
  eden space 64000K, 0% used [0x00000000eb100000,0x00000000eb100000,0x00000000eef80000)
  from space 7680K, 0% used [0x00000000eef80000,0x00000000eef80000,0x00000000ef700000)
  to   space 7168K, 0% used [0x00000000f3500000,0x00000000f3500000,0x00000000f3c00000)
 ParOldGen       total 34304K, used 8276K [0x00000000c1200000, 0x00000000c3380000, 0x00000000eb100000)
  object space 34304K, 24% used [0x00000000c1200000,0x00000000c1a151e8,0x00000000c3380000)
 Metaspace       used 20680K, capacity 21198K, committed 21296K, reserved 1067008K
  class space    used 2668K, capacity 2845K, committed 2864K, reserved 1048576K
}

